0 info it worked if it ends with ok
1 verbose cli [ '/usr/local/bin/node', '/usr/local/bin/npm', 'update' ]
2 info using npm@2.14.7
3 info using node@v4.2.1
4 silly mapToRegistry name jpegtran-bin
5 silly mapToRegistry using default registry
6 silly mapToRegistry registry https://registry.npmjs.org/
7 silly mapToRegistry uri https://registry.npmjs.org/jpegtran-bin
8 silly mapToRegistry name grunt
9 silly mapToRegistry using default registry
10 silly mapToRegistry registry https://registry.npmjs.org/
11 silly mapToRegistry uri https://registry.npmjs.org/grunt
12 silly mapToRegistry name grunt-autoprefixer
13 silly mapToRegistry using default registry
14 silly mapToRegistry registry https://registry.npmjs.org/
15 silly mapToRegistry uri https://registry.npmjs.org/grunt-autoprefixer
16 silly mapToRegistry name grunt-concurrent
17 silly mapToRegistry using default registry
18 silly mapToRegistry registry https://registry.npmjs.org/
19 silly mapToRegistry uri https://registry.npmjs.org/grunt-concurrent
20 silly mapToRegistry name grunt-contrib-clean
21 silly mapToRegistry using default registry
22 silly mapToRegistry registry https://registry.npmjs.org/
23 silly mapToRegistry uri https://registry.npmjs.org/grunt-contrib-clean
24 silly mapToRegistry name grunt-contrib-coffee
25 silly mapToRegistry using default registry
26 silly mapToRegistry registry https://registry.npmjs.org/
27 silly mapToRegistry uri https://registry.npmjs.org/grunt-contrib-coffee
28 silly mapToRegistry name grunt-contrib-compass
29 silly mapToRegistry using default registry
30 silly mapToRegistry registry https://registry.npmjs.org/
31 silly mapToRegistry uri https://registry.npmjs.org/grunt-contrib-compass
32 silly mapToRegistry name grunt-contrib-concat
33 silly mapToRegistry using default registry
34 silly mapToRegistry registry https://registry.npmjs.org/
35 silly mapToRegistry uri https://registry.npmjs.org/grunt-contrib-concat
36 silly mapToRegistry name grunt-contrib-connect
37 silly mapToRegistry using default registry
38 silly mapToRegistry registry https://registry.npmjs.org/
39 silly mapToRegistry uri https://registry.npmjs.org/grunt-contrib-connect
40 silly mapToRegistry name grunt-contrib-copy
41 silly mapToRegistry using default registry
42 silly mapToRegistry registry https://registry.npmjs.org/
43 silly mapToRegistry uri https://registry.npmjs.org/grunt-contrib-copy
44 silly mapToRegistry name grunt-contrib-cssmin
45 silly mapToRegistry using default registry
46 silly mapToRegistry registry https://registry.npmjs.org/
47 silly mapToRegistry uri https://registry.npmjs.org/grunt-contrib-cssmin
48 silly mapToRegistry name grunt-contrib-htmlmin
49 silly mapToRegistry using default registry
50 silly mapToRegistry registry https://registry.npmjs.org/
51 silly mapToRegistry uri https://registry.npmjs.org/grunt-contrib-htmlmin
52 silly mapToRegistry name grunt-contrib-imagemin
53 silly mapToRegistry using default registry
54 silly mapToRegistry registry https://registry.npmjs.org/
55 silly mapToRegistry uri https://registry.npmjs.org/grunt-contrib-imagemin
56 silly mapToRegistry name grunt-contrib-jshint
57 silly mapToRegistry using default registry
58 silly mapToRegistry registry https://registry.npmjs.org/
59 silly mapToRegistry uri https://registry.npmjs.org/grunt-contrib-jshint
60 silly mapToRegistry name grunt-contrib-uglify
61 silly mapToRegistry using default registry
62 silly mapToRegistry registry https://registry.npmjs.org/
63 silly mapToRegistry uri https://registry.npmjs.org/grunt-contrib-uglify
64 silly mapToRegistry name grunt-contrib-watch
65 silly mapToRegistry using default registry
66 silly mapToRegistry registry https://registry.npmjs.org/
67 silly mapToRegistry uri https://registry.npmjs.org/grunt-contrib-watch
68 silly mapToRegistry name grunt-google-cdn
69 silly mapToRegistry using default registry
70 silly mapToRegistry registry https://registry.npmjs.org/
71 silly mapToRegistry uri https://registry.npmjs.org/grunt-google-cdn
72 silly mapToRegistry name grunt-ngmin
73 silly mapToRegistry using default registry
74 silly mapToRegistry registry https://registry.npmjs.org/
75 silly mapToRegistry uri https://registry.npmjs.org/grunt-ngmin
76 silly mapToRegistry name grunt-rev
77 silly mapToRegistry using default registry
78 silly mapToRegistry registry https://registry.npmjs.org/
79 silly mapToRegistry uri https://registry.npmjs.org/grunt-rev
80 silly mapToRegistry name grunt-svgmin
81 silly mapToRegistry using default registry
82 silly mapToRegistry registry https://registry.npmjs.org/
83 silly mapToRegistry uri https://registry.npmjs.org/grunt-svgmin
84 silly mapToRegistry name grunt-usemin
85 silly mapToRegistry using default registry
86 silly mapToRegistry registry https://registry.npmjs.org/
87 silly mapToRegistry uri https://registry.npmjs.org/grunt-usemin
88 silly mapToRegistry name jshint-stylish
89 silly mapToRegistry using default registry
90 silly mapToRegistry registry https://registry.npmjs.org/
91 silly mapToRegistry uri https://registry.npmjs.org/jshint-stylish
92 silly mapToRegistry name load-grunt-tasks
93 silly mapToRegistry using default registry
94 silly mapToRegistry registry https://registry.npmjs.org/
95 silly mapToRegistry uri https://registry.npmjs.org/load-grunt-tasks
96 silly mapToRegistry name time-grunt
97 silly mapToRegistry using default registry
98 silly mapToRegistry registry https://registry.npmjs.org/
99 silly mapToRegistry uri https://registry.npmjs.org/time-grunt
100 silly mapToRegistry name karma-ng-scenario
101 silly mapToRegistry using default registry
102 silly mapToRegistry registry https://registry.npmjs.org/
103 silly mapToRegistry uri https://registry.npmjs.org/karma-ng-scenario
104 silly mapToRegistry name grunt-karma
105 silly mapToRegistry using default registry
106 silly mapToRegistry registry https://registry.npmjs.org/
107 silly mapToRegistry uri https://registry.npmjs.org/grunt-karma
108 silly mapToRegistry name karma-script-launcher
109 silly mapToRegistry using default registry
110 silly mapToRegistry registry https://registry.npmjs.org/
111 silly mapToRegistry uri https://registry.npmjs.org/karma-script-launcher
112 silly mapToRegistry name karma-firefox-launcher
113 silly mapToRegistry using default registry
114 silly mapToRegistry registry https://registry.npmjs.org/
115 silly mapToRegistry uri https://registry.npmjs.org/karma-firefox-launcher
116 silly mapToRegistry name karma-chrome-launcher
117 silly mapToRegistry using default registry
118 silly mapToRegistry registry https://registry.npmjs.org/
119 silly mapToRegistry uri https://registry.npmjs.org/karma-chrome-launcher
120 silly mapToRegistry name karma-jasmine
121 silly mapToRegistry using default registry
122 silly mapToRegistry registry https://registry.npmjs.org/
123 silly mapToRegistry uri https://registry.npmjs.org/karma-jasmine
124 silly mapToRegistry name karma-html2js-preprocessor
125 silly mapToRegistry using default registry
126 silly mapToRegistry registry https://registry.npmjs.org/
127 silly mapToRegistry uri https://registry.npmjs.org/karma-html2js-preprocessor
128 silly mapToRegistry name requirejs
129 silly mapToRegistry using default registry
130 silly mapToRegistry registry https://registry.npmjs.org/
131 silly mapToRegistry uri https://registry.npmjs.org/requirejs
132 silly mapToRegistry name karma-requirejs
133 silly mapToRegistry using default registry
134 silly mapToRegistry registry https://registry.npmjs.org/
135 silly mapToRegistry uri https://registry.npmjs.org/karma-requirejs
136 silly mapToRegistry name karma-coffee-preprocessor
137 silly mapToRegistry using default registry
138 silly mapToRegistry registry https://registry.npmjs.org/
139 silly mapToRegistry uri https://registry.npmjs.org/karma-coffee-preprocessor
140 silly mapToRegistry name karma-phantomjs-launcher
141 silly mapToRegistry using default registry
142 silly mapToRegistry registry https://registry.npmjs.org/
143 silly mapToRegistry uri https://registry.npmjs.org/karma-phantomjs-launcher
144 silly mapToRegistry name karma
145 silly mapToRegistry using default registry
146 silly mapToRegistry registry https://registry.npmjs.org/
147 silly mapToRegistry uri https://registry.npmjs.org/karma
148 silly mapToRegistry name karma-ng-html2js-preprocessor
149 silly mapToRegistry using default registry
150 silly mapToRegistry registry https://registry.npmjs.org/
151 silly mapToRegistry uri https://registry.npmjs.org/karma-ng-html2js-preprocessor
152 verbose request uri https://registry.npmjs.org/grunt-autoprefixer
153 verbose request no auth needed
154 info attempt registry request try #1 at 7:29:50 PM
155 verbose request id 4c55ee104416f8b4
156 verbose etag "DLE80VVUC9XIR70UJHHVP25XH"
157 http request GET https://registry.npmjs.org/grunt-autoprefixer
158 verbose request uri https://registry.npmjs.org/grunt
159 verbose request no auth needed
160 info attempt registry request try #1 at 7:29:50 PM
161 verbose etag "606W2RDJXUMUALQGC69IDX7GJ"
162 http request GET https://registry.npmjs.org/grunt
163 verbose request uri https://registry.npmjs.org/jpegtran-bin
164 verbose request no auth needed
165 info attempt registry request try #1 at 7:29:50 PM
166 verbose etag "3T06L832D07I7HYZLHQ3O0ESZ"
167 http request GET https://registry.npmjs.org/jpegtran-bin
168 verbose request uri https://registry.npmjs.org/grunt-contrib-clean
169 verbose request no auth needed
170 info attempt registry request try #1 at 7:29:50 PM
171 verbose etag "6OG9XPQMRTYZ0Q27R2RK7CMHL"
172 http request GET https://registry.npmjs.org/grunt-contrib-clean
173 verbose request uri https://registry.npmjs.org/grunt-contrib-compass
174 verbose request no auth needed
175 info attempt registry request try #1 at 7:29:50 PM
176 verbose etag "3LZE587EHAW2H3587YV1LWIXN"
177 http request GET https://registry.npmjs.org/grunt-contrib-compass
178 verbose request uri https://registry.npmjs.org/grunt-contrib-coffee
179 verbose request no auth needed
180 info attempt registry request try #1 at 7:29:50 PM
181 verbose etag "57FNHK9XLYDB702RDMC9A02ZY"
182 http request GET https://registry.npmjs.org/grunt-contrib-coffee
183 verbose request uri https://registry.npmjs.org/grunt-concurrent
184 verbose request no auth needed
185 info attempt registry request try #1 at 7:29:50 PM
186 verbose etag "6LKSEUGBOLU5YKDC0451YORBH"
187 http request GET https://registry.npmjs.org/grunt-concurrent
188 verbose request uri https://registry.npmjs.org/grunt-contrib-connect
189 verbose request no auth needed
190 info attempt registry request try #1 at 7:29:50 PM
191 verbose etag "DEO2JCPN23SXP88JMIFGI8YYE"
192 http request GET https://registry.npmjs.org/grunt-contrib-connect
193 verbose request uri https://registry.npmjs.org/grunt-contrib-copy
194 verbose request no auth needed
195 info attempt registry request try #1 at 7:29:50 PM
196 verbose etag "68B55YL3BUBHD39L9SRSLJFHC"
197 http request GET https://registry.npmjs.org/grunt-contrib-copy
198 verbose request uri https://registry.npmjs.org/grunt-contrib-cssmin
199 verbose request no auth needed
200 info attempt registry request try #1 at 7:29:50 PM
201 verbose etag "8P9VJA2QPQVEZ3ZHX6FL26VPZ"
202 http request GET https://registry.npmjs.org/grunt-contrib-cssmin
203 verbose request uri https://registry.npmjs.org/grunt-contrib-concat
204 verbose request no auth needed
205 info attempt registry request try #1 at 7:29:50 PM
206 verbose etag "2CI40NVYKESYQ5VZD4MTKBTKV"
207 http request GET https://registry.npmjs.org/grunt-contrib-concat
208 verbose request uri https://registry.npmjs.org/grunt-contrib-imagemin
209 verbose request no auth needed
210 info attempt registry request try #1 at 7:29:50 PM
211 verbose etag "D4Y370DYFPPDX4WCUNWKPA6S8"
212 http request GET https://registry.npmjs.org/grunt-contrib-imagemin
213 verbose request uri https://registry.npmjs.org/grunt-contrib-htmlmin
214 verbose request no auth needed
215 info attempt registry request try #1 at 7:29:50 PM
216 verbose etag "DUF99IV8X73HWRS6H5BDNFJR1"
217 http request GET https://registry.npmjs.org/grunt-contrib-htmlmin
218 verbose request uri https://registry.npmjs.org/grunt-contrib-uglify
219 verbose request no auth needed
220 info attempt registry request try #1 at 7:29:50 PM
221 verbose etag "15CJ53D8HI3BN3R624VFO87GQ"
222 http request GET https://registry.npmjs.org/grunt-contrib-uglify
223 verbose request uri https://registry.npmjs.org/grunt-ngmin
224 verbose request no auth needed
225 info attempt registry request try #1 at 7:29:50 PM
226 verbose etag "1RR5BYDMAPPCBS8EGS6Z1VO5"
227 http request GET https://registry.npmjs.org/grunt-ngmin
228 verbose request uri https://registry.npmjs.org/grunt-google-cdn
229 verbose request no auth needed
230 info attempt registry request try #1 at 7:29:50 PM
231 verbose etag "98AMV143LFZ81CXMJP6SGCNQT"
232 http request GET https://registry.npmjs.org/grunt-google-cdn
233 verbose request uri https://registry.npmjs.org/grunt-svgmin
234 verbose request no auth needed
235 info attempt registry request try #1 at 7:29:50 PM
236 verbose etag "DNY8HIS20JMAWOPVJ9P74TA9S"
237 http request GET https://registry.npmjs.org/grunt-svgmin
238 verbose request uri https://registry.npmjs.org/grunt-rev
239 verbose request no auth needed
240 info attempt registry request try #1 at 7:29:50 PM
241 verbose etag "AL7Z5UOOO72P2FJ7SYOUAILA7"
242 http request GET https://registry.npmjs.org/grunt-rev
243 verbose request uri https://registry.npmjs.org/grunt-contrib-jshint
244 verbose request no auth needed
245 info attempt registry request try #1 at 7:29:50 PM
246 verbose etag "4GNDG9SC9QMG5CK2AWZPFRL12"
247 http request GET https://registry.npmjs.org/grunt-contrib-jshint
248 verbose request uri https://registry.npmjs.org/grunt-contrib-watch
249 verbose request no auth needed
250 info attempt registry request try #1 at 7:29:50 PM
251 verbose etag "D0TDXR13W1M6GFJXP9C23938Y"
252 http request GET https://registry.npmjs.org/grunt-contrib-watch
253 verbose request uri https://registry.npmjs.org/jshint-stylish
254 verbose request no auth needed
255 info attempt registry request try #1 at 7:29:50 PM
256 verbose etag "D6LYW4JMZ88TBFZVQBO7UJ3BA"
257 http request GET https://registry.npmjs.org/jshint-stylish
258 verbose request uri https://registry.npmjs.org/grunt-usemin
259 verbose request no auth needed
260 info attempt registry request try #1 at 7:29:50 PM
261 verbose etag "F1KWBJ40D7VQ70JH9XA2CG2UL"
262 http request GET https://registry.npmjs.org/grunt-usemin
263 verbose request uri https://registry.npmjs.org/time-grunt
264 verbose request no auth needed
265 info attempt registry request try #1 at 7:29:50 PM
266 verbose etag "2CFDPGRYJIPKGIN61UM86QP23"
267 http request GET https://registry.npmjs.org/time-grunt
268 verbose request uri https://registry.npmjs.org/karma-script-launcher
269 verbose request no auth needed
270 info attempt registry request try #1 at 7:29:50 PM
271 verbose etag "B7K7G6UQ3EPBF6VMO7AP9CU9H"
272 http request GET https://registry.npmjs.org/karma-script-launcher
273 verbose request uri https://registry.npmjs.org/load-grunt-tasks
274 verbose request no auth needed
275 info attempt registry request try #1 at 7:29:50 PM
276 verbose etag "BUXJXOWRTJSWL8TCRN79KI4U3"
277 http request GET https://registry.npmjs.org/load-grunt-tasks
278 verbose request uri https://registry.npmjs.org/grunt-karma
279 verbose request no auth needed
280 info attempt registry request try #1 at 7:29:50 PM
281 verbose etag "7AKPWOQVESZZV8WJ80E9YO91X"
282 http request GET https://registry.npmjs.org/grunt-karma
283 verbose request uri https://registry.npmjs.org/karma-firefox-launcher
284 verbose request no auth needed
285 info attempt registry request try #1 at 7:29:50 PM
286 verbose etag "D4OBQCFC8LVCP0JDZB5W04MK4"
287 http request GET https://registry.npmjs.org/karma-firefox-launcher
288 verbose request uri https://registry.npmjs.org/karma-html2js-preprocessor
289 verbose request no auth needed
290 info attempt registry request try #1 at 7:29:50 PM
291 verbose etag "A6G29KNCT4Z44170ZIK4N61JF"
292 http request GET https://registry.npmjs.org/karma-html2js-preprocessor
293 verbose request uri https://registry.npmjs.org/karma-requirejs
294 verbose request no auth needed
295 info attempt registry request try #1 at 7:29:50 PM
296 verbose etag "DGAQWPBK4P81I4J9VTTOXSO07"
297 http request GET https://registry.npmjs.org/karma-requirejs
298 verbose request uri https://registry.npmjs.org/karma-jasmine
299 verbose request no auth needed
300 info attempt registry request try #1 at 7:29:50 PM
301 verbose etag "4L8U1FQJPI6XGKAUBPPGBOE6F"
302 http request GET https://registry.npmjs.org/karma-jasmine
303 verbose request uri https://registry.npmjs.org/karma-ng-scenario
304 verbose request no auth needed
305 info attempt registry request try #1 at 7:29:50 PM
306 verbose etag "E8ETTL8WQ3HMFSK6WPQFVV3Y2"
307 http request GET https://registry.npmjs.org/karma-ng-scenario
308 verbose request uri https://registry.npmjs.org/karma-chrome-launcher
309 verbose request no auth needed
310 info attempt registry request try #1 at 7:29:50 PM
311 verbose etag "AB6DAVF46PUPNUJCW5RX7BKQ1"
312 http request GET https://registry.npmjs.org/karma-chrome-launcher
313 verbose request uri https://registry.npmjs.org/karma-phantomjs-launcher
314 verbose request no auth needed
315 info attempt registry request try #1 at 7:29:50 PM
316 verbose etag "EEMNQ435DUKQM829ZBH7CAQUL"
317 http request GET https://registry.npmjs.org/karma-phantomjs-launcher
318 verbose request uri https://registry.npmjs.org/requirejs
319 verbose request no auth needed
320 info attempt registry request try #1 at 7:29:50 PM
321 verbose etag "5QOQJKWXFBQK63DATO5FN1NAN"
322 http request GET https://registry.npmjs.org/requirejs
323 verbose request uri https://registry.npmjs.org/karma-ng-html2js-preprocessor
324 verbose request no auth needed
325 info attempt registry request try #1 at 7:29:50 PM
326 verbose etag "EB4HLNTKEAIUKO311667PXDX6"
327 http request GET https://registry.npmjs.org/karma-ng-html2js-preprocessor
328 verbose request uri https://registry.npmjs.org/karma-coffee-preprocessor
329 verbose request no auth needed
330 info attempt registry request try #1 at 7:29:50 PM
331 verbose etag "3TSPDRQRRYXZFHZM3LCCHFA65"
332 http request GET https://registry.npmjs.org/karma-coffee-preprocessor
333 verbose request uri https://registry.npmjs.org/karma
334 verbose request no auth needed
335 info attempt registry request try #1 at 7:29:50 PM
336 verbose etag "4NWXOM8UJ4AJ9R9FJRNAWNRMV"
337 http request GET https://registry.npmjs.org/karma
338 http 304 https://registry.npmjs.org/grunt-autoprefixer
339 verbose headers { date: 'Thu, 26 Nov 2015 19:29:50 GMT',
339 verbose headers   via: '1.1 varnish',
339 verbose headers   'cache-control': 'max-age=60',
339 verbose headers   etag: '"DLE80VVUC9XIR70UJHHVP25XH"',
339 verbose headers   age: '14',
339 verbose headers   connection: 'keep-alive',
339 verbose headers   'x-served-by': 'cache-lhr6322-LHR',
339 verbose headers   'x-cache': 'HIT',
339 verbose headers   'x-cache-hits': '1',
339 verbose headers   'x-timer': 'S1448566190.823108,VS0,VE0',
339 verbose headers   vary: 'Accept' }
340 silly get cb [ 304,
340 silly get   { date: 'Thu, 26 Nov 2015 19:29:50 GMT',
340 silly get     via: '1.1 varnish',
340 silly get     'cache-control': 'max-age=60',
340 silly get     etag: '"DLE80VVUC9XIR70UJHHVP25XH"',
340 silly get     age: '14',
340 silly get     connection: 'keep-alive',
340 silly get     'x-served-by': 'cache-lhr6322-LHR',
340 silly get     'x-cache': 'HIT',
340 silly get     'x-cache-hits': '1',
340 silly get     'x-timer': 'S1448566190.823108,VS0,VE0',
340 silly get     vary: 'Accept' } ]
341 verbose etag https://registry.npmjs.org/grunt-autoprefixer from cache
342 verbose get saving grunt-autoprefixer to /Users/jackwootton/.npm/registry.npmjs.org/grunt-autoprefixer/.cache.json
343 http 304 https://registry.npmjs.org/grunt-contrib-copy
344 verbose headers { date: 'Thu, 26 Nov 2015 19:29:50 GMT',
344 verbose headers   via: '1.1 varnish',
344 verbose headers   'cache-control': 'max-age=60',
344 verbose headers   etag: '"68B55YL3BUBHD39L9SRSLJFHC"',
344 verbose headers   age: '18',
344 verbose headers   connection: 'keep-alive',
344 verbose headers   'x-served-by': 'cache-lhr6320-LHR',
344 verbose headers   'x-cache': 'HIT',
344 verbose headers   'x-cache-hits': '3',
344 verbose headers   'x-timer': 'S1448566190.859269,VS0,VE0',
344 verbose headers   vary: 'Accept' }
345 silly get cb [ 304,
345 silly get   { date: 'Thu, 26 Nov 2015 19:29:50 GMT',
345 silly get     via: '1.1 varnish',
345 silly get     'cache-control': 'max-age=60',
345 silly get     etag: '"68B55YL3BUBHD39L9SRSLJFHC"',
345 silly get     age: '18',
345 silly get     connection: 'keep-alive',
345 silly get     'x-served-by': 'cache-lhr6320-LHR',
345 silly get     'x-cache': 'HIT',
345 silly get     'x-cache-hits': '3',
345 silly get     'x-timer': 'S1448566190.859269,VS0,VE0',
345 silly get     vary: 'Accept' } ]
346 verbose etag https://registry.npmjs.org/grunt-contrib-copy from cache
347 verbose get saving grunt-contrib-copy to /Users/jackwootton/.npm/registry.npmjs.org/grunt-contrib-copy/.cache.json
348 http 304 https://registry.npmjs.org/jpegtran-bin
349 verbose headers { date: 'Thu, 26 Nov 2015 19:29:50 GMT',
349 verbose headers   via: '1.1 varnish',
349 verbose headers   'cache-control': 'max-age=60',
349 verbose headers   etag: '"3T06L832D07I7HYZLHQ3O0ESZ"',
349 verbose headers   age: '15',
349 verbose headers   connection: 'keep-alive',
349 verbose headers   'x-served-by': 'cache-lhr6320-LHR',
349 verbose headers   'x-cache': 'HIT',
349 verbose headers   'x-cache-hits': '1',
349 verbose headers   'x-timer': 'S1448566190.860056,VS0,VE0',
349 verbose headers   vary: 'Accept' }
350 silly get cb [ 304,
350 silly get   { date: 'Thu, 26 Nov 2015 19:29:50 GMT',
350 silly get     via: '1.1 varnish',
350 silly get     'cache-control': 'max-age=60',
350 silly get     etag: '"3T06L832D07I7HYZLHQ3O0ESZ"',
350 silly get     age: '15',
350 silly get     connection: 'keep-alive',
350 silly get     'x-served-by': 'cache-lhr6320-LHR',
350 silly get     'x-cache': 'HIT',
350 silly get     'x-cache-hits': '1',
350 silly get     'x-timer': 'S1448566190.860056,VS0,VE0',
350 silly get     vary: 'Accept' } ]
351 verbose etag https://registry.npmjs.org/jpegtran-bin from cache
352 verbose get saving jpegtran-bin to /Users/jackwootton/.npm/registry.npmjs.org/jpegtran-bin/.cache.json
353 http 304 https://registry.npmjs.org/grunt-contrib-clean
354 verbose headers { date: 'Thu, 26 Nov 2015 19:29:50 GMT',
354 verbose headers   via: '1.1 varnish',
354 verbose headers   'cache-control': 'max-age=60',
354 verbose headers   etag: '"6OG9XPQMRTYZ0Q27R2RK7CMHL"',
354 verbose headers   age: '18',
354 verbose headers   connection: 'keep-alive',
354 verbose headers   'x-served-by': 'cache-lhr6324-LHR',
354 verbose headers   'x-cache': 'HIT',
354 verbose headers   'x-cache-hits': '1',
354 verbose headers   'x-timer': 'S1448566190.860936,VS0,VE0',
354 verbose headers   vary: 'Accept' }
355 silly get cb [ 304,
355 silly get   { date: 'Thu, 26 Nov 2015 19:29:50 GMT',
355 silly get     via: '1.1 varnish',
355 silly get     'cache-control': 'max-age=60',
355 silly get     etag: '"6OG9XPQMRTYZ0Q27R2RK7CMHL"',
355 silly get     age: '18',
355 silly get     connection: 'keep-alive',
355 silly get     'x-served-by': 'cache-lhr6324-LHR',
355 silly get     'x-cache': 'HIT',
355 silly get     'x-cache-hits': '1',
355 silly get     'x-timer': 'S1448566190.860936,VS0,VE0',
355 silly get     vary: 'Accept' } ]
356 verbose etag https://registry.npmjs.org/grunt-contrib-clean from cache
357 verbose get saving grunt-contrib-clean to /Users/jackwootton/.npm/registry.npmjs.org/grunt-contrib-clean/.cache.json
358 http 304 https://registry.npmjs.org/grunt-contrib-uglify
359 verbose headers { date: 'Thu, 26 Nov 2015 19:29:50 GMT',
359 verbose headers   via: '1.1 varnish',
359 verbose headers   'cache-control': 'max-age=60',
359 verbose headers   etag: '"15CJ53D8HI3BN3R624VFO87GQ"',
359 verbose headers   age: '18',
359 verbose headers   connection: 'keep-alive',
359 verbose headers   'x-served-by': 'cache-lhr6335-LHR',
359 verbose headers   'x-cache': 'HIT',
359 verbose headers   'x-cache-hits': '1',
359 verbose headers   'x-timer': 'S1448566190.859855,VS0,VE0',
359 verbose headers   vary: 'Accept' }
360 silly get cb [ 304,
360 silly get   { date: 'Thu, 26 Nov 2015 19:29:50 GMT',
360 silly get     via: '1.1 varnish',
360 silly get     'cache-control': 'max-age=60',
360 silly get     etag: '"15CJ53D8HI3BN3R624VFO87GQ"',
360 silly get     age: '18',
360 silly get     connection: 'keep-alive',
360 silly get     'x-served-by': 'cache-lhr6335-LHR',
360 silly get     'x-cache': 'HIT',
360 silly get     'x-cache-hits': '1',
360 silly get     'x-timer': 'S1448566190.859855,VS0,VE0',
360 silly get     vary: 'Accept' } ]
361 verbose etag https://registry.npmjs.org/grunt-contrib-uglify from cache
362 verbose get saving grunt-contrib-uglify to /Users/jackwootton/.npm/registry.npmjs.org/grunt-contrib-uglify/.cache.json
363 http 304 https://registry.npmjs.org/grunt-contrib-connect
364 verbose headers { date: 'Thu, 26 Nov 2015 19:29:50 GMT',
364 verbose headers   via: '1.1 varnish',
364 verbose headers   'cache-control': 'max-age=60',
364 verbose headers   etag: '"DEO2JCPN23SXP88JMIFGI8YYE"',
364 verbose headers   age: '38',
364 verbose headers   connection: 'keep-alive',
364 verbose headers   'x-served-by': 'cache-lhr6335-LHR',
364 verbose headers   'x-cache': 'HIT',
364 verbose headers   'x-cache-hits': '1',
364 verbose headers   'x-timer': 'S1448566190.861107,VS0,VE0',
364 verbose headers   vary: 'Accept' }
365 silly get cb [ 304,
365 silly get   { date: 'Thu, 26 Nov 2015 19:29:50 GMT',
365 silly get     via: '1.1 varnish',
365 silly get     'cache-control': 'max-age=60',
365 silly get     etag: '"DEO2JCPN23SXP88JMIFGI8YYE"',
365 silly get     age: '38',
365 silly get     connection: 'keep-alive',
365 silly get     'x-served-by': 'cache-lhr6335-LHR',
365 silly get     'x-cache': 'HIT',
365 silly get     'x-cache-hits': '1',
365 silly get     'x-timer': 'S1448566190.861107,VS0,VE0',
365 silly get     vary: 'Accept' } ]
366 verbose etag https://registry.npmjs.org/grunt-contrib-connect from cache
367 verbose get saving grunt-contrib-connect to /Users/jackwootton/.npm/registry.npmjs.org/grunt-contrib-connect/.cache.json
368 http 304 https://registry.npmjs.org/grunt
369 verbose headers { date: 'Thu, 26 Nov 2015 19:29:50 GMT',
369 verbose headers   via: '1.1 varnish',
369 verbose headers   'cache-control': 'max-age=60',
369 verbose headers   etag: '"606W2RDJXUMUALQGC69IDX7GJ"',
369 verbose headers   age: '38',
369 verbose headers   connection: 'keep-alive',
369 verbose headers   'x-served-by': 'cache-lhr6321-LHR',
369 verbose headers   'x-cache': 'HIT',
369 verbose headers   'x-cache-hits': '1',
369 verbose headers   'x-timer': 'S1448566190.860227,VS0,VE1',
369 verbose headers   vary: 'Accept' }
370 silly get cb [ 304,
370 silly get   { date: 'Thu, 26 Nov 2015 19:29:50 GMT',
370 silly get     via: '1.1 varnish',
370 silly get     'cache-control': 'max-age=60',
370 silly get     etag: '"606W2RDJXUMUALQGC69IDX7GJ"',
370 silly get     age: '38',
370 silly get     connection: 'keep-alive',
370 silly get     'x-served-by': 'cache-lhr6321-LHR',
370 silly get     'x-cache': 'HIT',
370 silly get     'x-cache-hits': '1',
370 silly get     'x-timer': 'S1448566190.860227,VS0,VE1',
370 silly get     vary: 'Accept' } ]
371 verbose etag https://registry.npmjs.org/grunt from cache
372 verbose get saving grunt to /Users/jackwootton/.npm/registry.npmjs.org/grunt/.cache.json
373 http 304 https://registry.npmjs.org/grunt-contrib-htmlmin
374 verbose headers { date: 'Thu, 26 Nov 2015 19:29:50 GMT',
374 verbose headers   via: '1.1 varnish',
374 verbose headers   'cache-control': 'max-age=60',
374 verbose headers   etag: '"DUF99IV8X73HWRS6H5BDNFJR1"',
374 verbose headers   age: '14',
374 verbose headers   connection: 'keep-alive',
374 verbose headers   'x-served-by': 'cache-lhr6325-LHR',
374 verbose headers   'x-cache': 'HIT',
374 verbose headers   'x-cache-hits': '1',
374 verbose headers   'x-timer': 'S1448566190.865270,VS0,VE0',
374 verbose headers   vary: 'Accept' }
375 silly get cb [ 304,
375 silly get   { date: 'Thu, 26 Nov 2015 19:29:50 GMT',
375 silly get     via: '1.1 varnish',
375 silly get     'cache-control': 'max-age=60',
375 silly get     etag: '"DUF99IV8X73HWRS6H5BDNFJR1"',
375 silly get     age: '14',
375 silly get     connection: 'keep-alive',
375 silly get     'x-served-by': 'cache-lhr6325-LHR',
375 silly get     'x-cache': 'HIT',
375 silly get     'x-cache-hits': '1',
375 silly get     'x-timer': 'S1448566190.865270,VS0,VE0',
375 silly get     vary: 'Accept' } ]
376 verbose etag https://registry.npmjs.org/grunt-contrib-htmlmin from cache
377 verbose get saving grunt-contrib-htmlmin to /Users/jackwootton/.npm/registry.npmjs.org/grunt-contrib-htmlmin/.cache.json
378 http 304 https://registry.npmjs.org/grunt-contrib-imagemin
379 verbose headers { date: 'Thu, 26 Nov 2015 19:29:50 GMT',
379 verbose headers   via: '1.1 varnish',
379 verbose headers   'cache-control': 'max-age=60',
379 verbose headers   etag: '"D4Y370DYFPPDX4WCUNWKPA6S8"',
379 verbose headers   age: '19',
379 verbose headers   connection: 'keep-alive',
379 verbose headers   'x-served-by': 'cache-lhr6320-LHR',
379 verbose headers   'x-cache': 'HIT',
379 verbose headers   'x-cache-hits': '1',
379 verbose headers   'x-timer': 'S1448566190.865458,VS0,VE0',
379 verbose headers   vary: 'Accept' }
380 silly get cb [ 304,
380 silly get   { date: 'Thu, 26 Nov 2015 19:29:50 GMT',
380 silly get     via: '1.1 varnish',
380 silly get     'cache-control': 'max-age=60',
380 silly get     etag: '"D4Y370DYFPPDX4WCUNWKPA6S8"',
380 silly get     age: '19',
380 silly get     connection: 'keep-alive',
380 silly get     'x-served-by': 'cache-lhr6320-LHR',
380 silly get     'x-cache': 'HIT',
380 silly get     'x-cache-hits': '1',
380 silly get     'x-timer': 'S1448566190.865458,VS0,VE0',
380 silly get     vary: 'Accept' } ]
381 verbose etag https://registry.npmjs.org/grunt-contrib-imagemin from cache
382 verbose get saving grunt-contrib-imagemin to /Users/jackwootton/.npm/registry.npmjs.org/grunt-contrib-imagemin/.cache.json
383 http 304 https://registry.npmjs.org/grunt-contrib-concat
384 verbose headers { date: 'Thu, 26 Nov 2015 19:29:50 GMT',
384 verbose headers   via: '1.1 varnish',
384 verbose headers   'cache-control': 'max-age=60',
384 verbose headers   etag: '"2CI40NVYKESYQ5VZD4MTKBTKV"',
384 verbose headers   age: '29',
384 verbose headers   connection: 'keep-alive',
384 verbose headers   'x-served-by': 'cache-lhr6324-LHR',
384 verbose headers   'x-cache': 'HIT',
384 verbose headers   'x-cache-hits': '1',
384 verbose headers   'x-timer': 'S1448566190.871843,VS0,VE0',
384 verbose headers   vary: 'Accept' }
385 silly get cb [ 304,
385 silly get   { date: 'Thu, 26 Nov 2015 19:29:50 GMT',
385 silly get     via: '1.1 varnish',
385 silly get     'cache-control': 'max-age=60',
385 silly get     etag: '"2CI40NVYKESYQ5VZD4MTKBTKV"',
385 silly get     age: '29',
385 silly get     connection: 'keep-alive',
385 silly get     'x-served-by': 'cache-lhr6324-LHR',
385 silly get     'x-cache': 'HIT',
385 silly get     'x-cache-hits': '1',
385 silly get     'x-timer': 'S1448566190.871843,VS0,VE0',
385 silly get     vary: 'Accept' } ]
386 verbose etag https://registry.npmjs.org/grunt-contrib-concat from cache
387 verbose get saving grunt-contrib-concat to /Users/jackwootton/.npm/registry.npmjs.org/grunt-contrib-concat/.cache.json
388 http 304 https://registry.npmjs.org/grunt-contrib-cssmin
389 verbose headers { date: 'Thu, 26 Nov 2015 19:29:50 GMT',
389 verbose headers   via: '1.1 varnish',
389 verbose headers   'cache-control': 'max-age=60',
389 verbose headers   etag: '"8P9VJA2QPQVEZ3ZHX6FL26VPZ"',
389 verbose headers   age: '19',
389 verbose headers   connection: 'keep-alive',
389 verbose headers   'x-served-by': 'cache-lhr6330-LHR',
389 verbose headers   'x-cache': 'HIT',
389 verbose headers   'x-cache-hits': '1',
389 verbose headers   'x-timer': 'S1448566190.872123,VS0,VE0',
389 verbose headers   vary: 'Accept' }
390 silly get cb [ 304,
390 silly get   { date: 'Thu, 26 Nov 2015 19:29:50 GMT',
390 silly get     via: '1.1 varnish',
390 silly get     'cache-control': 'max-age=60',
390 silly get     etag: '"8P9VJA2QPQVEZ3ZHX6FL26VPZ"',
390 silly get     age: '19',
390 silly get     connection: 'keep-alive',
390 silly get     'x-served-by': 'cache-lhr6330-LHR',
390 silly get     'x-cache': 'HIT',
390 silly get     'x-cache-hits': '1',
390 silly get     'x-timer': 'S1448566190.872123,VS0,VE0',
390 silly get     vary: 'Accept' } ]
391 verbose etag https://registry.npmjs.org/grunt-contrib-cssmin from cache
392 verbose get saving grunt-contrib-cssmin to /Users/jackwootton/.npm/registry.npmjs.org/grunt-contrib-cssmin/.cache.json
393 http 304 https://registry.npmjs.org/load-grunt-tasks
394 verbose headers { date: 'Thu, 26 Nov 2015 19:29:50 GMT',
394 verbose headers   via: '1.1 varnish',
394 verbose headers   'cache-control': 'max-age=60',
394 verbose headers   etag: '"BUXJXOWRTJSWL8TCRN79KI4U3"',
394 verbose headers   age: '18',
394 verbose headers   connection: 'keep-alive',
394 verbose headers   'x-served-by': 'cache-lhr6323-LHR',
394 verbose headers   'x-cache': 'HIT',
394 verbose headers   'x-cache-hits': '1',
394 verbose headers   'x-timer': 'S1448566190.872629,VS0,VE4',
394 verbose headers   vary: 'Accept' }
395 silly get cb [ 304,
395 silly get   { date: 'Thu, 26 Nov 2015 19:29:50 GMT',
395 silly get     via: '1.1 varnish',
395 silly get     'cache-control': 'max-age=60',
395 silly get     etag: '"BUXJXOWRTJSWL8TCRN79KI4U3"',
395 silly get     age: '18',
395 silly get     connection: 'keep-alive',
395 silly get     'x-served-by': 'cache-lhr6323-LHR',
395 silly get     'x-cache': 'HIT',
395 silly get     'x-cache-hits': '1',
395 silly get     'x-timer': 'S1448566190.872629,VS0,VE4',
395 silly get     vary: 'Accept' } ]
396 verbose etag https://registry.npmjs.org/load-grunt-tasks from cache
397 verbose get saving load-grunt-tasks to /Users/jackwootton/.npm/registry.npmjs.org/load-grunt-tasks/.cache.json
398 http 304 https://registry.npmjs.org/grunt-karma
399 verbose headers { date: 'Thu, 26 Nov 2015 19:29:50 GMT',
399 verbose headers   via: '1.1 varnish',
399 verbose headers   'cache-control': 'max-age=60',
399 verbose headers   etag: '"7AKPWOQVESZZV8WJ80E9YO91X"',
399 verbose headers   age: '38',
399 verbose headers   connection: 'keep-alive',
399 verbose headers   'x-served-by': 'cache-lhr6323-LHR',
399 verbose headers   'x-cache': 'HIT',
399 verbose headers   'x-cache-hits': '1',
399 verbose headers   'x-timer': 'S1448566190.871157,VS0,VE5',
399 verbose headers   vary: 'Accept' }
400 silly get cb [ 304,
400 silly get   { date: 'Thu, 26 Nov 2015 19:29:50 GMT',
400 silly get     via: '1.1 varnish',
400 silly get     'cache-control': 'max-age=60',
400 silly get     etag: '"7AKPWOQVESZZV8WJ80E9YO91X"',
400 silly get     age: '38',
400 silly get     connection: 'keep-alive',
400 silly get     'x-served-by': 'cache-lhr6323-LHR',
400 silly get     'x-cache': 'HIT',
400 silly get     'x-cache-hits': '1',
400 silly get     'x-timer': 'S1448566190.871157,VS0,VE5',
400 silly get     vary: 'Accept' } ]
401 verbose etag https://registry.npmjs.org/grunt-karma from cache
402 verbose get saving grunt-karma to /Users/jackwootton/.npm/registry.npmjs.org/grunt-karma/.cache.json
403 http 304 https://registry.npmjs.org/grunt-concurrent
404 verbose headers { date: 'Thu, 26 Nov 2015 19:29:50 GMT',
404 verbose headers   via: '1.1 varnish',
404 verbose headers   'cache-control': 'max-age=60',
404 verbose headers   etag: '"6LKSEUGBOLU5YKDC0451YORBH"',
404 verbose headers   age: '39',
404 verbose headers   connection: 'keep-alive',
404 verbose headers   'x-served-by': 'cache-lhr6330-LHR',
404 verbose headers   'x-cache': 'HIT',
404 verbose headers   'x-cache-hits': '1',
404 verbose headers   'x-timer': 'S1448566190.877471,VS0,VE0',
404 verbose headers   vary: 'Accept' }
405 silly get cb [ 304,
405 silly get   { date: 'Thu, 26 Nov 2015 19:29:50 GMT',
405 silly get     via: '1.1 varnish',
405 silly get     'cache-control': 'max-age=60',
405 silly get     etag: '"6LKSEUGBOLU5YKDC0451YORBH"',
405 silly get     age: '39',
405 silly get     connection: 'keep-alive',
405 silly get     'x-served-by': 'cache-lhr6330-LHR',
405 silly get     'x-cache': 'HIT',
405 silly get     'x-cache-hits': '1',
405 silly get     'x-timer': 'S1448566190.877471,VS0,VE0',
405 silly get     vary: 'Accept' } ]
406 verbose etag https://registry.npmjs.org/grunt-concurrent from cache
407 verbose get saving grunt-concurrent to /Users/jackwootton/.npm/registry.npmjs.org/grunt-concurrent/.cache.json
408 http 304 https://registry.npmjs.org/grunt-contrib-watch
409 verbose headers { date: 'Thu, 26 Nov 2015 19:29:50 GMT',
409 verbose headers   via: '1.1 varnish',
409 verbose headers   'cache-control': 'max-age=60',
409 verbose headers   etag: '"D0TDXR13W1M6GFJXP9C23938Y"',
409 verbose headers   age: '28',
409 verbose headers   connection: 'keep-alive',
409 verbose headers   'x-served-by': 'cache-lhr6331-LHR',
409 verbose headers   'x-cache': 'HIT',
409 verbose headers   'x-cache-hits': '1',
409 verbose headers   'x-timer': 'S1448566190.877814,VS0,VE0',
409 verbose headers   vary: 'Accept' }
410 silly get cb [ 304,
410 silly get   { date: 'Thu, 26 Nov 2015 19:29:50 GMT',
410 silly get     via: '1.1 varnish',
410 silly get     'cache-control': 'max-age=60',
410 silly get     etag: '"D0TDXR13W1M6GFJXP9C23938Y"',
410 silly get     age: '28',
410 silly get     connection: 'keep-alive',
410 silly get     'x-served-by': 'cache-lhr6331-LHR',
410 silly get     'x-cache': 'HIT',
410 silly get     'x-cache-hits': '1',
410 silly get     'x-timer': 'S1448566190.877814,VS0,VE0',
410 silly get     vary: 'Accept' } ]
411 verbose etag https://registry.npmjs.org/grunt-contrib-watch from cache
412 verbose get saving grunt-contrib-watch to /Users/jackwootton/.npm/registry.npmjs.org/grunt-contrib-watch/.cache.json
413 http 304 https://registry.npmjs.org/grunt-contrib-jshint
414 verbose headers { date: 'Thu, 26 Nov 2015 19:29:50 GMT',
414 verbose headers   via: '1.1 varnish',
414 verbose headers   'cache-control': 'max-age=60',
414 verbose headers   etag: '"4GNDG9SC9QMG5CK2AWZPFRL12"',
414 verbose headers   age: '18',
414 verbose headers   connection: 'keep-alive',
414 verbose headers   'x-served-by': 'cache-lhr6332-LHR',
414 verbose headers   'x-cache': 'HIT',
414 verbose headers   'x-cache-hits': '1',
414 verbose headers   'x-timer': 'S1448566190.878017,VS0,VE0',
414 verbose headers   vary: 'Accept' }
415 silly get cb [ 304,
415 silly get   { date: 'Thu, 26 Nov 2015 19:29:50 GMT',
415 silly get     via: '1.1 varnish',
415 silly get     'cache-control': 'max-age=60',
415 silly get     etag: '"4GNDG9SC9QMG5CK2AWZPFRL12"',
415 silly get     age: '18',
415 silly get     connection: 'keep-alive',
415 silly get     'x-served-by': 'cache-lhr6332-LHR',
415 silly get     'x-cache': 'HIT',
415 silly get     'x-cache-hits': '1',
415 silly get     'x-timer': 'S1448566190.878017,VS0,VE0',
415 silly get     vary: 'Accept' } ]
416 verbose etag https://registry.npmjs.org/grunt-contrib-jshint from cache
417 verbose get saving grunt-contrib-jshint to /Users/jackwootton/.npm/registry.npmjs.org/grunt-contrib-jshint/.cache.json
418 http 304 https://registry.npmjs.org/time-grunt
419 verbose headers { date: 'Thu, 26 Nov 2015 19:29:50 GMT',
419 verbose headers   via: '1.1 varnish',
419 verbose headers   'cache-control': 'max-age=60',
419 verbose headers   etag: '"2CFDPGRYJIPKGIN61UM86QP23"',
419 verbose headers   age: '18',
419 verbose headers   connection: 'keep-alive',
419 verbose headers   'x-served-by': 'cache-lhr6330-LHR',
419 verbose headers   'x-cache': 'HIT',
419 verbose headers   'x-cache-hits': '1',
419 verbose headers   'x-timer': 'S1448566190.878764,VS0,VE0',
419 verbose headers   vary: 'Accept' }
420 silly get cb [ 304,
420 silly get   { date: 'Thu, 26 Nov 2015 19:29:50 GMT',
420 silly get     via: '1.1 varnish',
420 silly get     'cache-control': 'max-age=60',
420 silly get     etag: '"2CFDPGRYJIPKGIN61UM86QP23"',
420 silly get     age: '18',
420 silly get     connection: 'keep-alive',
420 silly get     'x-served-by': 'cache-lhr6330-LHR',
420 silly get     'x-cache': 'HIT',
420 silly get     'x-cache-hits': '1',
420 silly get     'x-timer': 'S1448566190.878764,VS0,VE0',
420 silly get     vary: 'Accept' } ]
421 verbose etag https://registry.npmjs.org/time-grunt from cache
422 verbose get saving time-grunt to /Users/jackwootton/.npm/registry.npmjs.org/time-grunt/.cache.json
423 http 304 https://registry.npmjs.org/requirejs
424 verbose headers { date: 'Thu, 26 Nov 2015 19:29:50 GMT',
424 verbose headers   via: '1.1 varnish',
424 verbose headers   'cache-control': 'max-age=60',
424 verbose headers   etag: '"5QOQJKWXFBQK63DATO5FN1NAN"',
424 verbose headers   age: '32',
424 verbose headers   connection: 'keep-alive',
424 verbose headers   'x-served-by': 'cache-lhr6324-LHR',
424 verbose headers   'x-cache': 'HIT',
424 verbose headers   'x-cache-hits': '1',
424 verbose headers   'x-timer': 'S1448566190.878519,VS0,VE1',
424 verbose headers   vary: 'Accept' }
425 silly get cb [ 304,
425 silly get   { date: 'Thu, 26 Nov 2015 19:29:50 GMT',
425 silly get     via: '1.1 varnish',
425 silly get     'cache-control': 'max-age=60',
425 silly get     etag: '"5QOQJKWXFBQK63DATO5FN1NAN"',
425 silly get     age: '32',
425 silly get     connection: 'keep-alive',
425 silly get     'x-served-by': 'cache-lhr6324-LHR',
425 silly get     'x-cache': 'HIT',
425 silly get     'x-cache-hits': '1',
425 silly get     'x-timer': 'S1448566190.878519,VS0,VE1',
425 silly get     vary: 'Accept' } ]
426 verbose etag https://registry.npmjs.org/requirejs from cache
427 verbose get saving requirejs to /Users/jackwootton/.npm/registry.npmjs.org/requirejs/.cache.json
428 http 304 https://registry.npmjs.org/grunt-usemin
429 verbose headers { date: 'Thu, 26 Nov 2015 19:29:50 GMT',
429 verbose headers   via: '1.1 varnish',
429 verbose headers   'cache-control': 'max-age=60',
429 verbose headers   etag: '"F1KWBJ40D7VQ70JH9XA2CG2UL"',
429 verbose headers   age: '37',
429 verbose headers   connection: 'keep-alive',
429 verbose headers   'x-served-by': 'cache-lhr6332-LHR',
429 verbose headers   'x-cache': 'HIT',
429 verbose headers   'x-cache-hits': '1',
429 verbose headers   'x-timer': 'S1448566190.884944,VS0,VE0',
429 verbose headers   vary: 'Accept' }
430 silly get cb [ 304,
430 silly get   { date: 'Thu, 26 Nov 2015 19:29:50 GMT',
430 silly get     via: '1.1 varnish',
430 silly get     'cache-control': 'max-age=60',
430 silly get     etag: '"F1KWBJ40D7VQ70JH9XA2CG2UL"',
430 silly get     age: '37',
430 silly get     connection: 'keep-alive',
430 silly get     'x-served-by': 'cache-lhr6332-LHR',
430 silly get     'x-cache': 'HIT',
430 silly get     'x-cache-hits': '1',
430 silly get     'x-timer': 'S1448566190.884944,VS0,VE0',
430 silly get     vary: 'Accept' } ]
431 verbose etag https://registry.npmjs.org/grunt-usemin from cache
432 verbose get saving grunt-usemin to /Users/jackwootton/.npm/registry.npmjs.org/grunt-usemin/.cache.json
433 http 304 https://registry.npmjs.org/grunt-contrib-coffee
434 verbose headers { date: 'Thu, 26 Nov 2015 19:29:50 GMT',
434 verbose headers   via: '1.1 varnish',
434 verbose headers   'cache-control': 'max-age=60',
434 verbose headers   etag: '"57FNHK9XLYDB702RDMC9A02ZY"',
434 verbose headers   age: '0',
434 verbose headers   connection: 'keep-alive',
434 verbose headers   'x-served-by': 'cache-lhr6323-LHR',
434 verbose headers   'x-cache': 'HIT',
434 verbose headers   'x-cache-hits': '1',
434 verbose headers   'x-timer': 'S1448566190.871822,VS0,VE87',
434 verbose headers   vary: 'Accept' }
435 silly get cb [ 304,
435 silly get   { date: 'Thu, 26 Nov 2015 19:29:50 GMT',
435 silly get     via: '1.1 varnish',
435 silly get     'cache-control': 'max-age=60',
435 silly get     etag: '"57FNHK9XLYDB702RDMC9A02ZY"',
435 silly get     age: '0',
435 silly get     connection: 'keep-alive',
435 silly get     'x-served-by': 'cache-lhr6323-LHR',
435 silly get     'x-cache': 'HIT',
435 silly get     'x-cache-hits': '1',
435 silly get     'x-timer': 'S1448566190.871822,VS0,VE87',
435 silly get     vary: 'Accept' } ]
436 verbose etag https://registry.npmjs.org/grunt-contrib-coffee from cache
437 verbose get saving grunt-contrib-coffee to /Users/jackwootton/.npm/registry.npmjs.org/grunt-contrib-coffee/.cache.json
438 http 304 https://registry.npmjs.org/karma-jasmine
439 verbose headers { date: 'Thu, 26 Nov 2015 19:29:50 GMT',
439 verbose headers   via: '1.1 varnish',
439 verbose headers   'cache-control': 'max-age=60',
439 verbose headers   etag: '"4L8U1FQJPI6XGKAUBPPGBOE6F"',
439 verbose headers   age: '0',
439 verbose headers   connection: 'keep-alive',
439 verbose headers   'x-served-by': 'cache-lhr6331-LHR',
439 verbose headers   'x-cache': 'HIT',
439 verbose headers   'x-cache-hits': '1',
439 verbose headers   'x-timer': 'S1448566190.871132,VS0,VE96',
439 verbose headers   vary: 'Accept' }
440 silly get cb [ 304,
440 silly get   { date: 'Thu, 26 Nov 2015 19:29:50 GMT',
440 silly get     via: '1.1 varnish',
440 silly get     'cache-control': 'max-age=60',
440 silly get     etag: '"4L8U1FQJPI6XGKAUBPPGBOE6F"',
440 silly get     age: '0',
440 silly get     connection: 'keep-alive',
440 silly get     'x-served-by': 'cache-lhr6331-LHR',
440 silly get     'x-cache': 'HIT',
440 silly get     'x-cache-hits': '1',
440 silly get     'x-timer': 'S1448566190.871132,VS0,VE96',
440 silly get     vary: 'Accept' } ]
441 verbose etag https://registry.npmjs.org/karma-jasmine from cache
442 verbose get saving karma-jasmine to /Users/jackwootton/.npm/registry.npmjs.org/karma-jasmine/.cache.json
443 http 304 https://registry.npmjs.org/karma-ng-html2js-preprocessor
444 verbose headers { date: 'Thu, 26 Nov 2015 19:29:50 GMT',
444 verbose headers   via: '1.1 varnish',
444 verbose headers   'cache-control': 'max-age=60',
444 verbose headers   etag: '"EB4HLNTKEAIUKO311667PXDX6"',
444 verbose headers   age: '0',
444 verbose headers   connection: 'keep-alive',
444 verbose headers   'x-served-by': 'cache-lhr6321-LHR',
444 verbose headers   'x-cache': 'HIT',
444 verbose headers   'x-cache-hits': '1',
444 verbose headers   'x-timer': 'S1448566190.882929,VS0,VE88',
444 verbose headers   vary: 'Accept' }
445 silly get cb [ 304,
445 silly get   { date: 'Thu, 26 Nov 2015 19:29:50 GMT',
445 silly get     via: '1.1 varnish',
445 silly get     'cache-control': 'max-age=60',
445 silly get     etag: '"EB4HLNTKEAIUKO311667PXDX6"',
445 silly get     age: '0',
445 silly get     connection: 'keep-alive',
445 silly get     'x-served-by': 'cache-lhr6321-LHR',
445 silly get     'x-cache': 'HIT',
445 silly get     'x-cache-hits': '1',
445 silly get     'x-timer': 'S1448566190.882929,VS0,VE88',
445 silly get     vary: 'Accept' } ]
446 verbose etag https://registry.npmjs.org/karma-ng-html2js-preprocessor from cache
447 verbose get saving karma-ng-html2js-preprocessor to /Users/jackwootton/.npm/registry.npmjs.org/karma-ng-html2js-preprocessor/.cache.json
448 http 304 https://registry.npmjs.org/karma-phantomjs-launcher
449 verbose headers { date: 'Thu, 26 Nov 2015 19:29:50 GMT',
449 verbose headers   via: '1.1 varnish',
449 verbose headers   'cache-control': 'max-age=60',
449 verbose headers   etag: '"EEMNQ435DUKQM829ZBH7CAQUL"',
449 verbose headers   age: '0',
449 verbose headers   connection: 'keep-alive',
449 verbose headers   'x-served-by': 'cache-lhr6333-LHR',
449 verbose headers   'x-cache': 'HIT',
449 verbose headers   'x-cache-hits': '1',
449 verbose headers   'x-timer': 'S1448566190.887093,VS0,VE91',
449 verbose headers   vary: 'Accept' }
450 silly get cb [ 304,
450 silly get   { date: 'Thu, 26 Nov 2015 19:29:50 GMT',
450 silly get     via: '1.1 varnish',
450 silly get     'cache-control': 'max-age=60',
450 silly get     etag: '"EEMNQ435DUKQM829ZBH7CAQUL"',
450 silly get     age: '0',
450 silly get     connection: 'keep-alive',
450 silly get     'x-served-by': 'cache-lhr6333-LHR',
450 silly get     'x-cache': 'HIT',
450 silly get     'x-cache-hits': '1',
450 silly get     'x-timer': 'S1448566190.887093,VS0,VE91',
450 silly get     vary: 'Accept' } ]
451 verbose etag https://registry.npmjs.org/karma-phantomjs-launcher from cache
452 verbose get saving karma-phantomjs-launcher to /Users/jackwootton/.npm/registry.npmjs.org/karma-phantomjs-launcher/.cache.json
453 http 304 https://registry.npmjs.org/karma-script-launcher
454 verbose headers { date: 'Thu, 26 Nov 2015 19:29:50 GMT',
454 verbose headers   via: '1.1 varnish',
454 verbose headers   'cache-control': 'max-age=60',
454 verbose headers   etag: '"B7K7G6UQ3EPBF6VMO7AP9CU9H"',
454 verbose headers   age: '0',
454 verbose headers   connection: 'keep-alive',
454 verbose headers   'x-served-by': 'cache-lhr6328-LHR',
454 verbose headers   'x-cache': 'HIT',
454 verbose headers   'x-cache-hits': '1',
454 verbose headers   'x-timer': 'S1448566190.873018,VS0,VE159',
454 verbose headers   vary: 'Accept' }
455 silly get cb [ 304,
455 silly get   { date: 'Thu, 26 Nov 2015 19:29:50 GMT',
455 silly get     via: '1.1 varnish',
455 silly get     'cache-control': 'max-age=60',
455 silly get     etag: '"B7K7G6UQ3EPBF6VMO7AP9CU9H"',
455 silly get     age: '0',
455 silly get     connection: 'keep-alive',
455 silly get     'x-served-by': 'cache-lhr6328-LHR',
455 silly get     'x-cache': 'HIT',
455 silly get     'x-cache-hits': '1',
455 silly get     'x-timer': 'S1448566190.873018,VS0,VE159',
455 silly get     vary: 'Accept' } ]
456 verbose etag https://registry.npmjs.org/karma-script-launcher from cache
457 verbose get saving karma-script-launcher to /Users/jackwootton/.npm/registry.npmjs.org/karma-script-launcher/.cache.json
458 http 304 https://registry.npmjs.org/karma-firefox-launcher
459 verbose headers { date: 'Thu, 26 Nov 2015 19:29:50 GMT',
459 verbose headers   via: '1.1 varnish',
459 verbose headers   'cache-control': 'max-age=60',
459 verbose headers   etag: '"D4OBQCFC8LVCP0JDZB5W04MK4"',
459 verbose headers   age: '0',
459 verbose headers   connection: 'keep-alive',
459 verbose headers   'x-served-by': 'cache-lhr6325-LHR',
459 verbose headers   'x-cache': 'HIT',
459 verbose headers   'x-cache-hits': '1',
459 verbose headers   'x-timer': 'S1448566190.872719,VS0,VE157',
459 verbose headers   vary: 'Accept' }
460 silly get cb [ 304,
460 silly get   { date: 'Thu, 26 Nov 2015 19:29:50 GMT',
460 silly get     via: '1.1 varnish',
460 silly get     'cache-control': 'max-age=60',
460 silly get     etag: '"D4OBQCFC8LVCP0JDZB5W04MK4"',
460 silly get     age: '0',
460 silly get     connection: 'keep-alive',
460 silly get     'x-served-by': 'cache-lhr6325-LHR',
460 silly get     'x-cache': 'HIT',
460 silly get     'x-cache-hits': '1',
460 silly get     'x-timer': 'S1448566190.872719,VS0,VE157',
460 silly get     vary: 'Accept' } ]
461 verbose etag https://registry.npmjs.org/karma-firefox-launcher from cache
462 verbose get saving karma-firefox-launcher to /Users/jackwootton/.npm/registry.npmjs.org/karma-firefox-launcher/.cache.json
463 http 304 https://registry.npmjs.org/grunt-ngmin
464 verbose headers { date: 'Thu, 26 Nov 2015 19:29:50 GMT',
464 verbose headers   via: '1.1 varnish',
464 verbose headers   'cache-control': 'max-age=60',
464 verbose headers   etag: '"1RR5BYDMAPPCBS8EGS6Z1VO5"',
464 verbose headers   age: '0',
464 verbose headers   connection: 'keep-alive',
464 verbose headers   'x-served-by': 'cache-lhr6335-LHR',
464 verbose headers   'x-cache': 'HIT',
464 verbose headers   'x-cache-hits': '1',
464 verbose headers   'x-timer': 'S1448566190.872738,VS0,VE169',
464 verbose headers   vary: 'Accept' }
465 silly get cb [ 304,
465 silly get   { date: 'Thu, 26 Nov 2015 19:29:50 GMT',
465 silly get     via: '1.1 varnish',
465 silly get     'cache-control': 'max-age=60',
465 silly get     etag: '"1RR5BYDMAPPCBS8EGS6Z1VO5"',
465 silly get     age: '0',
465 silly get     connection: 'keep-alive',
465 silly get     'x-served-by': 'cache-lhr6335-LHR',
465 silly get     'x-cache': 'HIT',
465 silly get     'x-cache-hits': '1',
465 silly get     'x-timer': 'S1448566190.872738,VS0,VE169',
465 silly get     vary: 'Accept' } ]
466 verbose etag https://registry.npmjs.org/grunt-ngmin from cache
467 verbose get saving grunt-ngmin to /Users/jackwootton/.npm/registry.npmjs.org/grunt-ngmin/.cache.json
468 http 304 https://registry.npmjs.org/grunt-google-cdn
469 verbose headers { date: 'Thu, 26 Nov 2015 19:29:50 GMT',
469 verbose headers   via: '1.1 varnish',
469 verbose headers   'cache-control': 'max-age=60',
469 verbose headers   etag: '"98AMV143LFZ81CXMJP6SGCNQT"',
469 verbose headers   age: '0',
469 verbose headers   connection: 'keep-alive',
469 verbose headers   'x-served-by': 'cache-lhr6328-LHR',
469 verbose headers   'x-cache': 'HIT',
469 verbose headers   'x-cache-hits': '1',
469 verbose headers   'x-timer': 'S1448566190.880819,VS0,VE171',
469 verbose headers   vary: 'Accept' }
470 silly get cb [ 304,
470 silly get   { date: 'Thu, 26 Nov 2015 19:29:50 GMT',
470 silly get     via: '1.1 varnish',
470 silly get     'cache-control': 'max-age=60',
470 silly get     etag: '"98AMV143LFZ81CXMJP6SGCNQT"',
470 silly get     age: '0',
470 silly get     connection: 'keep-alive',
470 silly get     'x-served-by': 'cache-lhr6328-LHR',
470 silly get     'x-cache': 'HIT',
470 silly get     'x-cache-hits': '1',
470 silly get     'x-timer': 'S1448566190.880819,VS0,VE171',
470 silly get     vary: 'Accept' } ]
471 verbose etag https://registry.npmjs.org/grunt-google-cdn from cache
472 verbose get saving grunt-google-cdn to /Users/jackwootton/.npm/registry.npmjs.org/grunt-google-cdn/.cache.json
473 http 304 https://registry.npmjs.org/jshint-stylish
474 verbose headers { date: 'Thu, 26 Nov 2015 19:29:50 GMT',
474 verbose headers   via: '1.1 varnish',
474 verbose headers   'cache-control': 'max-age=60',
474 verbose headers   etag: '"D6LYW4JMZ88TBFZVQBO7UJ3BA"',
474 verbose headers   age: '0',
474 verbose headers   connection: 'keep-alive',
474 verbose headers   'x-served-by': 'cache-lhr6331-LHR',
474 verbose headers   'x-cache': 'HIT',
474 verbose headers   'x-cache-hits': '1',
474 verbose headers   'x-timer': 'S1448566190.877053,VS0,VE353',
474 verbose headers   vary: 'Accept' }
475 silly get cb [ 304,
475 silly get   { date: 'Thu, 26 Nov 2015 19:29:50 GMT',
475 silly get     via: '1.1 varnish',
475 silly get     'cache-control': 'max-age=60',
475 silly get     etag: '"D6LYW4JMZ88TBFZVQBO7UJ3BA"',
475 silly get     age: '0',
475 silly get     connection: 'keep-alive',
475 silly get     'x-served-by': 'cache-lhr6331-LHR',
475 silly get     'x-cache': 'HIT',
475 silly get     'x-cache-hits': '1',
475 silly get     'x-timer': 'S1448566190.877053,VS0,VE353',
475 silly get     vary: 'Accept' } ]
476 verbose etag https://registry.npmjs.org/jshint-stylish from cache
477 verbose get saving jshint-stylish to /Users/jackwootton/.npm/registry.npmjs.org/jshint-stylish/.cache.json
478 http 304 https://registry.npmjs.org/grunt-svgmin
479 verbose headers { date: 'Thu, 26 Nov 2015 19:29:50 GMT',
479 verbose headers   via: '1.1 varnish',
479 verbose headers   'cache-control': 'max-age=60',
479 verbose headers   etag: '"DNY8HIS20JMAWOPVJ9P74TA9S"',
479 verbose headers   age: '0',
479 verbose headers   connection: 'keep-alive',
479 verbose headers   'x-served-by': 'cache-lhr6332-LHR',
479 verbose headers   'x-cache': 'HIT',
479 verbose headers   'x-cache-hits': '1',
479 verbose headers   'x-timer': 'S1448566190.871334,VS0,VE359',
479 verbose headers   vary: 'Accept' }
480 silly get cb [ 304,
480 silly get   { date: 'Thu, 26 Nov 2015 19:29:50 GMT',
480 silly get     via: '1.1 varnish',
480 silly get     'cache-control': 'max-age=60',
480 silly get     etag: '"DNY8HIS20JMAWOPVJ9P74TA9S"',
480 silly get     age: '0',
480 silly get     connection: 'keep-alive',
480 silly get     'x-served-by': 'cache-lhr6332-LHR',
480 silly get     'x-cache': 'HIT',
480 silly get     'x-cache-hits': '1',
480 silly get     'x-timer': 'S1448566190.871334,VS0,VE359',
480 silly get     vary: 'Accept' } ]
481 verbose etag https://registry.npmjs.org/grunt-svgmin from cache
482 verbose get saving grunt-svgmin to /Users/jackwootton/.npm/registry.npmjs.org/grunt-svgmin/.cache.json
483 http 304 https://registry.npmjs.org/karma-requirejs
484 verbose headers { date: 'Thu, 26 Nov 2015 19:29:50 GMT',
484 verbose headers   via: '1.1 varnish',
484 verbose headers   'cache-control': 'max-age=60',
484 verbose headers   etag: '"DGAQWPBK4P81I4J9VTTOXSO07"',
484 verbose headers   age: '0',
484 verbose headers   connection: 'keep-alive',
484 verbose headers   'x-served-by': 'cache-lhr6328-LHR',
484 verbose headers   'x-cache': 'HIT',
484 verbose headers   'x-cache-hits': '1',
484 verbose headers   'x-timer': 'S1448566190.878818,VS0,VE356',
484 verbose headers   vary: 'Accept' }
485 silly get cb [ 304,
485 silly get   { date: 'Thu, 26 Nov 2015 19:29:50 GMT',
485 silly get     via: '1.1 varnish',
485 silly get     'cache-control': 'max-age=60',
485 silly get     etag: '"DGAQWPBK4P81I4J9VTTOXSO07"',
485 silly get     age: '0',
485 silly get     connection: 'keep-alive',
485 silly get     'x-served-by': 'cache-lhr6328-LHR',
485 silly get     'x-cache': 'HIT',
485 silly get     'x-cache-hits': '1',
485 silly get     'x-timer': 'S1448566190.878818,VS0,VE356',
485 silly get     vary: 'Accept' } ]
486 verbose etag https://registry.npmjs.org/karma-requirejs from cache
487 verbose get saving karma-requirejs to /Users/jackwootton/.npm/registry.npmjs.org/karma-requirejs/.cache.json
488 http 304 https://registry.npmjs.org/grunt-contrib-compass
489 verbose headers { date: 'Thu, 26 Nov 2015 19:29:50 GMT',
489 verbose headers   via: '1.1 varnish',
489 verbose headers   'cache-control': 'max-age=60',
489 verbose headers   etag: '"3LZE587EHAW2H3587YV1LWIXN"',
489 verbose headers   age: '0',
489 verbose headers   connection: 'keep-alive',
489 verbose headers   'x-served-by': 'cache-lhr6321-LHR',
489 verbose headers   'x-cache': 'HIT',
489 verbose headers   'x-cache-hits': '1',
489 verbose headers   'x-timer': 'S1448566190.859156,VS0,VE679',
489 verbose headers   vary: 'Accept' }
490 silly get cb [ 304,
490 silly get   { date: 'Thu, 26 Nov 2015 19:29:50 GMT',
490 silly get     via: '1.1 varnish',
490 silly get     'cache-control': 'max-age=60',
490 silly get     etag: '"3LZE587EHAW2H3587YV1LWIXN"',
490 silly get     age: '0',
490 silly get     connection: 'keep-alive',
490 silly get     'x-served-by': 'cache-lhr6321-LHR',
490 silly get     'x-cache': 'HIT',
490 silly get     'x-cache-hits': '1',
490 silly get     'x-timer': 'S1448566190.859156,VS0,VE679',
490 silly get     vary: 'Accept' } ]
491 verbose etag https://registry.npmjs.org/grunt-contrib-compass from cache
492 verbose get saving grunt-contrib-compass to /Users/jackwootton/.npm/registry.npmjs.org/grunt-contrib-compass/.cache.json
493 http 304 https://registry.npmjs.org/karma-html2js-preprocessor
494 verbose headers { date: 'Thu, 26 Nov 2015 19:29:50 GMT',
494 verbose headers   via: '1.1 varnish',
494 verbose headers   'cache-control': 'max-age=60',
494 verbose headers   etag: '"A6G29KNCT4Z44170ZIK4N61JF"',
494 verbose headers   age: '0',
494 verbose headers   connection: 'keep-alive',
494 verbose headers   'x-served-by': 'cache-lhr6320-LHR',
494 verbose headers   'x-cache': 'HIT',
494 verbose headers   'x-cache-hits': '1',
494 verbose headers   'x-timer': 'S1448566190.878463,VS0,VE672',
494 verbose headers   vary: 'Accept' }
495 silly get cb [ 304,
495 silly get   { date: 'Thu, 26 Nov 2015 19:29:50 GMT',
495 silly get     via: '1.1 varnish',
495 silly get     'cache-control': 'max-age=60',
495 silly get     etag: '"A6G29KNCT4Z44170ZIK4N61JF"',
495 silly get     age: '0',
495 silly get     connection: 'keep-alive',
495 silly get     'x-served-by': 'cache-lhr6320-LHR',
495 silly get     'x-cache': 'HIT',
495 silly get     'x-cache-hits': '1',
495 silly get     'x-timer': 'S1448566190.878463,VS0,VE672',
495 silly get     vary: 'Accept' } ]
496 verbose etag https://registry.npmjs.org/karma-html2js-preprocessor from cache
497 verbose get saving karma-html2js-preprocessor to /Users/jackwootton/.npm/registry.npmjs.org/karma-html2js-preprocessor/.cache.json
498 http 304 https://registry.npmjs.org/grunt-rev
499 verbose headers { date: 'Thu, 26 Nov 2015 19:29:50 GMT',
499 verbose headers   via: '1.1 varnish',
499 verbose headers   'cache-control': 'max-age=60',
499 verbose headers   etag: '"AL7Z5UOOO72P2FJ7SYOUAILA7"',
499 verbose headers   age: '0',
499 verbose headers   connection: 'keep-alive',
499 verbose headers   'x-served-by': 'cache-lhr6324-LHR',
499 verbose headers   'x-cache': 'HIT',
499 verbose headers   'x-cache-hits': '1',
499 verbose headers   'x-timer': 'S1448566190.877804,VS0,VE685',
499 verbose headers   vary: 'Accept' }
500 silly get cb [ 304,
500 silly get   { date: 'Thu, 26 Nov 2015 19:29:50 GMT',
500 silly get     via: '1.1 varnish',
500 silly get     'cache-control': 'max-age=60',
500 silly get     etag: '"AL7Z5UOOO72P2FJ7SYOUAILA7"',
500 silly get     age: '0',
500 silly get     connection: 'keep-alive',
500 silly get     'x-served-by': 'cache-lhr6324-LHR',
500 silly get     'x-cache': 'HIT',
500 silly get     'x-cache-hits': '1',
500 silly get     'x-timer': 'S1448566190.877804,VS0,VE685',
500 silly get     vary: 'Accept' } ]
501 verbose etag https://registry.npmjs.org/grunt-rev from cache
502 verbose get saving grunt-rev to /Users/jackwootton/.npm/registry.npmjs.org/grunt-rev/.cache.json
503 http 304 https://registry.npmjs.org/karma-ng-scenario
504 verbose headers { date: 'Thu, 26 Nov 2015 19:29:50 GMT',
504 verbose headers   via: '1.1 varnish',
504 verbose headers   'cache-control': 'max-age=60',
504 verbose headers   etag: '"E8ETTL8WQ3HMFSK6WPQFVV3Y2"',
504 verbose headers   age: '0',
504 verbose headers   connection: 'keep-alive',
504 verbose headers   'x-served-by': 'cache-lhr6330-LHR',
504 verbose headers   'x-cache': 'HIT',
504 verbose headers   'x-cache-hits': '1',
504 verbose headers   'x-timer': 'S1448566190.877122,VS0,VE690',
504 verbose headers   vary: 'Accept' }
505 silly get cb [ 304,
505 silly get   { date: 'Thu, 26 Nov 2015 19:29:50 GMT',
505 silly get     via: '1.1 varnish',
505 silly get     'cache-control': 'max-age=60',
505 silly get     etag: '"E8ETTL8WQ3HMFSK6WPQFVV3Y2"',
505 silly get     age: '0',
505 silly get     connection: 'keep-alive',
505 silly get     'x-served-by': 'cache-lhr6330-LHR',
505 silly get     'x-cache': 'HIT',
505 silly get     'x-cache-hits': '1',
505 silly get     'x-timer': 'S1448566190.877122,VS0,VE690',
505 silly get     vary: 'Accept' } ]
506 verbose etag https://registry.npmjs.org/karma-ng-scenario from cache
507 verbose get saving karma-ng-scenario to /Users/jackwootton/.npm/registry.npmjs.org/karma-ng-scenario/.cache.json
508 http 304 https://registry.npmjs.org/karma-coffee-preprocessor
509 verbose headers { date: 'Thu, 26 Nov 2015 19:29:50 GMT',
509 verbose headers   via: '1.1 varnish',
509 verbose headers   'cache-control': 'max-age=60',
509 verbose headers   etag: '"3TSPDRQRRYXZFHZM3LCCHFA65"',
509 verbose headers   age: '0',
509 verbose headers   connection: 'keep-alive',
509 verbose headers   'x-served-by': 'cache-lhr6334-LHR',
509 verbose headers   'x-cache': 'HIT',
509 verbose headers   'x-cache-hits': '1',
509 verbose headers   'x-timer': 'S1448566190.888160,VS0,VE683',
509 verbose headers   vary: 'Accept' }
510 silly get cb [ 304,
510 silly get   { date: 'Thu, 26 Nov 2015 19:29:50 GMT',
510 silly get     via: '1.1 varnish',
510 silly get     'cache-control': 'max-age=60',
510 silly get     etag: '"3TSPDRQRRYXZFHZM3LCCHFA65"',
510 silly get     age: '0',
510 silly get     connection: 'keep-alive',
510 silly get     'x-served-by': 'cache-lhr6334-LHR',
510 silly get     'x-cache': 'HIT',
510 silly get     'x-cache-hits': '1',
510 silly get     'x-timer': 'S1448566190.888160,VS0,VE683',
510 silly get     vary: 'Accept' } ]
511 verbose etag https://registry.npmjs.org/karma-coffee-preprocessor from cache
512 verbose get saving karma-coffee-preprocessor to /Users/jackwootton/.npm/registry.npmjs.org/karma-coffee-preprocessor/.cache.json
513 http 304 https://registry.npmjs.org/karma-chrome-launcher
514 verbose headers { date: 'Thu, 26 Nov 2015 19:29:50 GMT',
514 verbose headers   via: '1.1 varnish',
514 verbose headers   'cache-control': 'max-age=60',
514 verbose headers   etag: '"AB6DAVF46PUPNUJCW5RX7BKQ1"',
514 verbose headers   age: '0',
514 verbose headers   connection: 'keep-alive',
514 verbose headers   'x-served-by': 'cache-lhr6322-LHR',
514 verbose headers   'x-cache': 'HIT',
514 verbose headers   'x-cache-hits': '1',
514 verbose headers   'x-timer': 'S1448566190.887010,VS0,VE684',
514 verbose headers   vary: 'Accept' }
515 silly get cb [ 304,
515 silly get   { date: 'Thu, 26 Nov 2015 19:29:50 GMT',
515 silly get     via: '1.1 varnish',
515 silly get     'cache-control': 'max-age=60',
515 silly get     etag: '"AB6DAVF46PUPNUJCW5RX7BKQ1"',
515 silly get     age: '0',
515 silly get     connection: 'keep-alive',
515 silly get     'x-served-by': 'cache-lhr6322-LHR',
515 silly get     'x-cache': 'HIT',
515 silly get     'x-cache-hits': '1',
515 silly get     'x-timer': 'S1448566190.887010,VS0,VE684',
515 silly get     vary: 'Accept' } ]
516 verbose etag https://registry.npmjs.org/karma-chrome-launcher from cache
517 verbose get saving karma-chrome-launcher to /Users/jackwootton/.npm/registry.npmjs.org/karma-chrome-launcher/.cache.json
518 http 304 https://registry.npmjs.org/karma
519 verbose headers { date: 'Thu, 26 Nov 2015 19:29:50 GMT',
519 verbose headers   via: '1.1 varnish',
519 verbose headers   'cache-control': 'max-age=60',
519 verbose headers   etag: '"4NWXOM8UJ4AJ9R9FJRNAWNRMV"',
519 verbose headers   age: '0',
519 verbose headers   connection: 'keep-alive',
519 verbose headers   'x-served-by': 'cache-lhr6320-LHR',
519 verbose headers   'x-cache': 'HIT',
519 verbose headers   'x-cache-hits': '1',
519 verbose headers   'x-timer': 'S1448566190.922704,VS0,VE680',
519 verbose headers   vary: 'Accept' }
520 silly get cb [ 304,
520 silly get   { date: 'Thu, 26 Nov 2015 19:29:50 GMT',
520 silly get     via: '1.1 varnish',
520 silly get     'cache-control': 'max-age=60',
520 silly get     etag: '"4NWXOM8UJ4AJ9R9FJRNAWNRMV"',
520 silly get     age: '0',
520 silly get     connection: 'keep-alive',
520 silly get     'x-served-by': 'cache-lhr6320-LHR',
520 silly get     'x-cache': 'HIT',
520 silly get     'x-cache-hits': '1',
520 silly get     'x-timer': 'S1448566190.922704,VS0,VE680',
520 silly get     vary: 'Accept' } ]
521 verbose etag https://registry.npmjs.org/karma from cache
522 verbose get saving karma to /Users/jackwootton/.npm/registry.npmjs.org/karma/.cache.json
523 verbose outdated not updating grunt-autoprefixer because it's currently at the maximum version that matches its specified semver range
524 verbose outdated not updating grunt-contrib-copy because it's currently at the maximum version that matches its specified semver range
525 verbose outdated not updating grunt-contrib-clean because it's currently at the maximum version that matches its specified semver range
526 verbose outdated not updating jpegtran-bin because it's currently at the maximum version that matches its specified semver range
527 verbose outdated not updating grunt-contrib-uglify because it's currently at the maximum version that matches its specified semver range
528 verbose outdated not updating grunt-contrib-htmlmin because it's currently at the maximum version that matches its specified semver range
529 verbose outdated not updating grunt-contrib-connect because it's currently at the maximum version that matches its specified semver range
530 verbose outdated not updating grunt-contrib-imagemin because it's currently at the maximum version that matches its specified semver range
531 verbose outdated not updating grunt-contrib-concat because it's currently at the maximum version that matches its specified semver range
532 verbose outdated not updating grunt-contrib-cssmin because it's currently at the maximum version that matches its specified semver range
533 verbose outdated not updating grunt-contrib-watch because it's currently at the maximum version that matches its specified semver range
534 verbose outdated not updating grunt-concurrent because it's currently at the maximum version that matches its specified semver range
535 verbose outdated not updating time-grunt because it's currently at the maximum version that matches its specified semver range
536 verbose outdated not updating grunt-contrib-jshint because it's currently at the maximum version that matches its specified semver range
537 verbose outdated not updating load-grunt-tasks because it's currently at the maximum version that matches its specified semver range
538 verbose outdated not updating grunt-karma because it's currently at the maximum version that matches its specified semver range
539 verbose outdated not updating grunt-usemin because it's currently at the maximum version that matches its specified semver range
540 verbose outdated not updating grunt-contrib-coffee because it's currently at the maximum version that matches its specified semver range
541 verbose outdated not updating karma-jasmine because it's currently at the maximum version that matches its specified semver range
542 verbose outdated not updating karma-ng-html2js-preprocessor because it's currently at the maximum version that matches its specified semver range
543 verbose outdated not updating karma-phantomjs-launcher because it's currently at the maximum version that matches its specified semver range
544 verbose outdated not updating grunt-google-cdn because it's currently at the maximum version that matches its specified semver range
545 verbose outdated not updating jshint-stylish because it's currently at the maximum version that matches its specified semver range
546 verbose outdated not updating grunt-svgmin because it's currently at the maximum version that matches its specified semver range
547 verbose outdated not updating grunt-contrib-compass because it's currently at the maximum version that matches its specified semver range
548 verbose outdated not updating karma-chrome-launcher because it's currently at the maximum version that matches its specified semver range
549 verbose outdated not updating karma-coffee-preprocessor because it's currently at the maximum version that matches its specified semver range
550 verbose outdated not updating karma because it's currently at the maximum version that matches its specified semver range
551 info outdated updating [ [ '/Users/jackwootton/json-schema-v2',
551 info outdated     'requirejs',
551 info outdated     '2.1.20',
551 info outdated     '2.1.22',
551 info outdated     '2.1.22',
551 info outdated     '~2.1.9' ] ]
552 verbose install where, what [ '/Users/jackwootton/json-schema-v2', [ 'requirejs@2.1.22' ] ]
553 verbose install initial load of /Users/jackwootton/json-schema-v2/package.json
554 verbose installManyTop reading scoped package data from /Users/jackwootton/json-schema-v2/node_modules/grunt/package.json
555 verbose installManyTop reading scoped package data from /Users/jackwootton/json-schema-v2/node_modules/grunt-autoprefixer/package.json
556 verbose installManyTop reading scoped package data from /Users/jackwootton/json-schema-v2/node_modules/grunt-concurrent/package.json
557 verbose installManyTop reading scoped package data from /Users/jackwootton/json-schema-v2/node_modules/grunt-contrib-clean/package.json
558 verbose installManyTop reading scoped package data from /Users/jackwootton/json-schema-v2/node_modules/grunt-contrib-coffee/package.json
559 verbose installManyTop reading scoped package data from /Users/jackwootton/json-schema-v2/node_modules/grunt-contrib-compass/package.json
560 verbose installManyTop reading scoped package data from /Users/jackwootton/json-schema-v2/node_modules/grunt-contrib-concat/package.json
561 verbose installManyTop reading scoped package data from /Users/jackwootton/json-schema-v2/node_modules/grunt-contrib-connect/package.json
562 verbose installManyTop reading scoped package data from /Users/jackwootton/json-schema-v2/node_modules/grunt-contrib-copy/package.json
563 verbose installManyTop reading scoped package data from /Users/jackwootton/json-schema-v2/node_modules/grunt-contrib-cssmin/package.json
564 verbose installManyTop reading scoped package data from /Users/jackwootton/json-schema-v2/node_modules/grunt-contrib-htmlmin/package.json
565 verbose installManyTop reading scoped package data from /Users/jackwootton/json-schema-v2/node_modules/grunt-contrib-imagemin/package.json
566 verbose installManyTop reading scoped package data from /Users/jackwootton/json-schema-v2/node_modules/grunt-contrib-jshint/package.json
567 verbose installManyTop reading scoped package data from /Users/jackwootton/json-schema-v2/node_modules/grunt-contrib-uglify/package.json
568 verbose installManyTop reading scoped package data from /Users/jackwootton/json-schema-v2/node_modules/grunt-contrib-watch/package.json
569 verbose installManyTop reading scoped package data from /Users/jackwootton/json-schema-v2/node_modules/grunt-google-cdn/package.json
570 verbose installManyTop reading scoped package data from /Users/jackwootton/json-schema-v2/node_modules/grunt-karma/package.json
571 verbose installManyTop reading scoped package data from /Users/jackwootton/json-schema-v2/node_modules/grunt-ngmin/package.json
572 verbose installManyTop reading scoped package data from /Users/jackwootton/json-schema-v2/node_modules/grunt-rev/package.json
573 verbose installManyTop reading scoped package data from /Users/jackwootton/json-schema-v2/node_modules/grunt-svgmin/package.json
574 verbose installManyTop reading scoped package data from /Users/jackwootton/json-schema-v2/node_modules/grunt-usemin/package.json
575 verbose installManyTop reading scoped package data from /Users/jackwootton/json-schema-v2/node_modules/jpegtran-bin/package.json
576 verbose installManyTop reading scoped package data from /Users/jackwootton/json-schema-v2/node_modules/jshint-stylish/package.json
577 verbose installManyTop reading scoped package data from /Users/jackwootton/json-schema-v2/node_modules/karma/package.json
578 verbose installManyTop reading scoped package data from /Users/jackwootton/json-schema-v2/node_modules/karma-chrome-launcher/package.json
579 verbose installManyTop reading scoped package data from /Users/jackwootton/json-schema-v2/node_modules/karma-coffee-preprocessor/package.json
580 verbose installManyTop reading scoped package data from /Users/jackwootton/json-schema-v2/node_modules/karma-firefox-launcher/package.json
581 verbose installManyTop reading scoped package data from /Users/jackwootton/json-schema-v2/node_modules/karma-html2js-preprocessor/package.json
582 verbose installManyTop reading scoped package data from /Users/jackwootton/json-schema-v2/node_modules/karma-jasmine/package.json
583 verbose installManyTop reading scoped package data from /Users/jackwootton/json-schema-v2/node_modules/karma-ng-html2js-preprocessor/package.json
584 verbose installManyTop reading scoped package data from /Users/jackwootton/json-schema-v2/node_modules/karma-ng-scenario/package.json
585 verbose installManyTop reading scoped package data from /Users/jackwootton/json-schema-v2/node_modules/karma-phantomjs-launcher/package.json
586 verbose installManyTop reading scoped package data from /Users/jackwootton/json-schema-v2/node_modules/karma-requirejs/package.json
587 verbose installManyTop reading scoped package data from /Users/jackwootton/json-schema-v2/node_modules/karma-script-launcher/package.json
588 verbose installManyTop reading scoped package data from /Users/jackwootton/json-schema-v2/node_modules/load-grunt-tasks/package.json
589 verbose installManyTop reading scoped package data from /Users/jackwootton/json-schema-v2/node_modules/requirejs/package.json
590 verbose installManyTop reading scoped package data from /Users/jackwootton/json-schema-v2/node_modules/time-grunt/package.json
591 verbose readDependencies loading dependencies from /Users/jackwootton/json-schema-v2/package.json
592 silly cache add args [ 'requirejs@2.1.22', null ]
593 verbose cache add spec requirejs@2.1.22
594 silly cache add parsed spec Result {
594 silly cache add   raw: 'requirejs@2.1.22',
594 silly cache add   scope: null,
594 silly cache add   name: 'requirejs',
594 silly cache add   rawSpec: '2.1.22',
594 silly cache add   spec: '2.1.22',
594 silly cache add   type: 'version' }
595 silly addNamed requirejs@2.1.22
596 verbose addNamed "2.1.22" is a plain semver version for requirejs
597 silly mapToRegistry name requirejs
598 silly mapToRegistry using default registry
599 silly mapToRegistry registry https://registry.npmjs.org/
600 silly mapToRegistry uri https://registry.npmjs.org/requirejs
601 verbose addNameVersion registry:https://registry.npmjs.org/requirejs not in flight; fetching
602 verbose get https://registry.npmjs.org/requirejs not expired, no request
603 silly cache afterAdd requirejs@2.1.22
604 verbose afterAdd /Users/jackwootton/.npm/requirejs/2.1.22/package/package.json not in flight; writing
605 verbose afterAdd /Users/jackwootton/.npm/requirejs/2.1.22/package/package.json written
606 silly install resolved [ { name: 'requirejs',
606 silly install resolved     description: 'Node adapter for RequireJS, for loading AMD modules. Includes RequireJS optimizer',
606 silly install resolved     version: '2.1.22',
606 silly install resolved     homepage: 'http://github.com/jrburke/r.js',
606 silly install resolved     author:
606 silly install resolved      { name: 'James Burke',
606 silly install resolved        email: 'jrburke@gmail.com',
606 silly install resolved        url: 'http://github.com/jrburke' },
606 silly install resolved     licenses: [ [Object], [Object] ],
606 silly install resolved     repository: { type: 'git', url: 'git+https://github.com/jrburke/r.js.git' },
606 silly install resolved     main: './bin/r.js',
606 silly install resolved     bin: { 'r.js': './bin/r.js' },
606 silly install resolved     engines: { node: '>=0.4.0' },
606 silly install resolved     bugs: { url: 'https://github.com/jrburke/r.js/issues' },
606 silly install resolved     _id: 'requirejs@2.1.22',
606 silly install resolved     scripts: {},
606 silly install resolved     _shasum: 'dd78fd2d34180c0d62c724b5b8aebc0664e0366f',
606 silly install resolved     _from: 'requirejs@2.1.22',
606 silly install resolved     _npmVersion: '2.12.1',
606 silly install resolved     _nodeVersion: '0.10.36',
606 silly install resolved     _npmUser: { name: 'jrburke', email: 'jrburke@gmail.com' },
606 silly install resolved     maintainers: [ [Object] ],
606 silly install resolved     dist:
606 silly install resolved      { shasum: 'dd78fd2d34180c0d62c724b5b8aebc0664e0366f',
606 silly install resolved        tarball: 'http://registry.npmjs.org/requirejs/-/requirejs-2.1.22.tgz' },
606 silly install resolved     directories: {},
606 silly install resolved     _resolved: 'https://registry.npmjs.org/requirejs/-/requirejs-2.1.22.tgz',
606 silly install resolved     readme: 'ERROR: No README data found!' } ]
607 info install requirejs@2.1.22 into /Users/jackwootton/json-schema-v2
608 info installOne requirejs@2.1.22
609 verbose installOne of requirejs to /Users/jackwootton/json-schema-v2 not in flight; installing
610 verbose lock using /Users/jackwootton/.npm/_locks/requirejs-21e0cb84f6563819.lock for /Users/jackwootton/json-schema-v2/node_modules/requirejs
611 silly install write writing requirejs 2.1.22 to /Users/jackwootton/json-schema-v2/node_modules/requirejs
612 verbose unbuild node_modules/requirejs
613 info preuninstall requirejs@2.1.20
614 info uninstall requirejs@2.1.20
615 verbose unbuild rmStuff requirejs@2.1.20 from /Users/jackwootton/json-schema-v2/node_modules
616 silly gentlyRm /Users/jackwootton/json-schema-v2/node_modules/.bin/r.js is being gently removed
617 silly gentlyRm verifying /Users/jackwootton/json-schema-v2 is an npm working directory
618 silly gentlyRm containing path /Users/jackwootton/json-schema-v2 is under npm's control, in /Users/jackwootton/json-schema-v2
619 silly gentlyRm deletion target /Users/jackwootton/json-schema-v2/node_modules/.bin/r.js is under /Users/jackwootton/json-schema-v2
620 verbose gentlyRm vacuuming from /Users/jackwootton/json-schema-v2/node_modules/.bin/r.js up to /Users/jackwootton/json-schema-v2
621 silly vacuum-fs removing /Users/jackwootton/json-schema-v2/node_modules/.bin/r.js
622 verbose unlock done using /Users/jackwootton/.npm/_locks/requirejs-21e0cb84f6563819.lock for /Users/jackwootton/json-schema-v2/node_modules/requirejs
623 verbose stack Error: EACCES: permission denied, unlink '/Users/jackwootton/json-schema-v2/node_modules/.bin/r.js'
623 verbose stack     at Error (native)
624 verbose cwd /Users/jackwootton/json-schema-v2
625 error Darwin 14.5.0
626 error argv "/usr/local/bin/node" "/usr/local/bin/npm" "update"
627 error node v4.2.1
628 error npm  v2.14.7
629 error path /Users/jackwootton/json-schema-v2/node_modules/.bin/r.js
630 error code EACCES
631 error errno -13
632 error syscall unlink
633 error Error: EACCES: permission denied, unlink '/Users/jackwootton/json-schema-v2/node_modules/.bin/r.js'
633 error     at Error (native)
633 error  { [Error: EACCES: permission denied, unlink '/Users/jackwootton/json-schema-v2/node_modules/.bin/r.js']
633 error   errno: -13,
633 error   code: 'EACCES',
633 error   syscall: 'unlink',
633 error   path: '/Users/jackwootton/json-schema-v2/node_modules/.bin/r.js' }
634 error Please try running this command again as root/Administrator.
635 verbose exit [ -13, true ]
636 verbose unbuild node_modules/requirejs
637 info preuninstall requirejs@2.1.20
638 info uninstall requirejs@2.1.20
639 verbose unbuild rmStuff requirejs@2.1.20 from /Users/jackwootton/json-schema-v2/node_modules
640 silly gentlyRm /Users/jackwootton/json-schema-v2/node_modules/.bin/r.js is being gently removed
641 silly gentlyRm verifying /Users/jackwootton/json-schema-v2 is an npm working directory
642 silly gentlyRm containing path /Users/jackwootton/json-schema-v2 is under npm's control, in /Users/jackwootton/json-schema-v2
643 silly gentlyRm deletion target /Users/jackwootton/json-schema-v2/node_modules/.bin/r.js is under /Users/jackwootton/json-schema-v2
644 verbose gentlyRm vacuuming from /Users/jackwootton/json-schema-v2/node_modules/.bin/r.js up to /Users/jackwootton/json-schema-v2
645 silly vacuum-fs removing /Users/jackwootton/json-schema-v2/node_modules/.bin/r.js
646 error error rolling back Error: EACCES: permission denied, unlink '/Users/jackwootton/json-schema-v2/node_modules/.bin/r.js'
646 error error rolling back     at Error (native)
646 error error rolling back  { [Error: EACCES: permission denied, unlink '/Users/jackwootton/json-schema-v2/node_modules/.bin/r.js']
646 error error rolling back   errno: -13,
646 error error rolling back   code: 'EACCES',
646 error error rolling back   syscall: 'unlink',
646 error error rolling back   path: '/Users/jackwootton/json-schema-v2/node_modules/.bin/r.js' }
